2025-11-24 20:16:28 - __main__ - INFO - ========================================
2025-11-24 20:16:28 - __main__ - INFO - Ініціалізація веб-додатку...
2025-11-24 20:16:28 - __main__ - INFO - База даних успішно ініціалізована
2025-11-24 20:16:28 - __main__ - INFO - Запуск Flask веб-сервера на порту 5000...
2025-11-24 20:16:28 - __main__ - INFO - ========================================
2025-11-24 20:16:28 - __main__ - INFO - ========================================
2025-11-24 20:16:28 - __main__ - INFO - Ініціалізація веб-додатку...
2025-11-24 20:16:28 - __main__ - INFO - База даних успішно ініціалізована
2025-11-24 20:16:28 - __main__ - INFO - Запуск Flask веб-сервера на порту 5000...
2025-11-24 20:16:28 - __main__ - INFO - ========================================
2025-11-24 22:22:47 - __main__ - INFO - ========================================
2025-11-24 22:22:47 - __main__ - INFO - Ініціалізація веб-додатку...
2025-11-24 22:22:47 - __main__ - INFO - База даних успішно ініціалізована
2025-11-24 22:22:47 - __main__ - INFO - Запуск Flask веб-сервера на порту 5000...
2025-11-24 22:22:47 - __main__ - INFO - ========================================
2025-11-24 22:23:03 - __main__ - INFO - ========================================
2025-11-24 22:23:03 - __main__ - INFO - Ініціалізація веб-додатку...
2025-11-24 22:23:03 - __main__ - INFO - База даних успішно ініціалізована
2025-11-24 22:23:03 - __main__ - INFO - Запуск Flask веб-сервера на порту 5000...
2025-11-24 22:23:03 - __main__ - INFO - ========================================
2025-11-24 22:23:20 - __main__ - INFO - ========================================
2025-11-24 22:23:20 - __main__ - INFO - Ініціалізація веб-додатку...
2025-11-24 22:23:20 - __main__ - INFO - База даних успішно ініціалізована
2025-11-24 22:23:20 - __main__ - INFO - Запуск Flask веб-сервера на порту 5000...
2025-11-24 22:23:20 - __main__ - INFO - ========================================
2025-11-24 22:23:28 - __main__ - INFO - ========================================
2025-11-24 22:23:28 - __main__ - INFO - Ініціалізація веб-додатку...
2025-11-24 22:23:28 - __main__ - INFO - База даних успішно ініціалізована
2025-11-24 22:23:28 - __main__ - INFO - Запуск Flask веб-сервера на порту 5000...
2025-11-24 22:23:28 - __main__ - INFO - ========================================
2025-11-24 22:23:50 - __main__ - INFO - ========================================
2025-11-24 22:23:50 - __main__ - INFO - Ініціалізація веб-додатку...
2025-11-24 22:23:50 - __main__ - INFO - База даних успішно ініціалізована
2025-11-24 22:23:50 - __main__ - INFO - Запуск Flask веб-сервера на порту 5000...
2025-11-24 22:23:50 - __main__ - INFO - ========================================
2025-11-24 22:23:51 - __main__ - INFO - ========================================
2025-11-24 22:23:51 - __main__ - INFO - Ініціалізація веб-додатку...
2025-11-24 22:23:51 - __main__ - INFO - База даних успішно ініціалізована
2025-11-24 22:23:51 - __main__ - INFO - Запуск Flask веб-сервера на порту 5000...
2025-11-24 22:23:51 - __main__ - INFO - ========================================
2025-11-24 22:24:16 - __main__ - INFO - ========================================
2025-11-24 22:24:16 - __main__ - INFO - Ініціалізація веб-додатку...
2025-11-24 22:24:16 - __main__ - INFO - База даних успішно ініціалізована
2025-11-24 22:24:16 - __main__ - INFO - Запуск Flask веб-сервера на порту 5000...
2025-11-24 22:24:16 - __main__ - INFO - ========================================
2025-11-24 22:24:17 - __main__ - INFO - ========================================
2025-11-24 22:24:17 - __main__ - INFO - Ініціалізація веб-додатку...
2025-11-24 22:24:17 - __main__ - INFO - База даних успішно ініціалізована
2025-11-24 22:24:17 - __main__ - INFO - Запуск Flask веб-сервера на порту 5000...
2025-11-24 22:24:17 - __main__ - INFO - ========================================
2025-11-24 22:24:20 - __main__ - INFO - Відвідування головної сторінки. IP: 127.0.0.1
2025-11-24 22:24:25 - __main__ - INFO - Відвідування сторінки 'Про нас'. IP: 127.0.0.1
2025-11-24 22:24:35 - __main__ - INFO - Перегляд списку завдань. Користувач: None
2025-11-24 22:24:42 - __main__ - INFO - Відвідування головної сторінки. IP: 127.0.0.1
2025-11-24 22:24:49 - __main__ - INFO - Відвідування сторінки 'Про нас'. IP: 127.0.0.1
2025-11-24 22:24:52 - __main__ - INFO - Відвідування сторінки 'Про нас'. IP: 127.0.0.1
2025-11-24 22:24:53 - __main__ - INFO - Відвідування головної сторінки. IP: 127.0.0.1
2025-11-24 22:33:58 - __main__ - INFO - ========================================
2025-11-24 22:33:58 - __main__ - INFO - Ініціалізація веб-додатку...
2025-11-24 22:33:58 - __main__ - INFO - База даних успішно ініціалізована
2025-11-24 22:33:58 - __main__ - INFO - Запуск Flask веб-сервера на порту 5000...
2025-11-24 22:33:58 - __main__ - INFO - ========================================
2025-11-24 22:33:59 - __main__ - INFO - ========================================
2025-11-24 22:33:59 - __main__ - INFO - Ініціалізація веб-додатку...
2025-11-24 22:33:59 - __main__ - INFO - База даних успішно ініціалізована
2025-11-24 22:33:59 - __main__ - INFO - Запуск Flask веб-сервера на порту 5000...
2025-11-24 22:33:59 - __main__ - INFO - ========================================
2025-11-24 22:35:31 - __main__ - INFO - ========================================
2025-11-24 22:35:31 - __main__ - INFO - Ініціалізація веб-додатку...
2025-11-24 22:35:31 - __main__ - INFO - База даних успішно ініціалізована
2025-11-24 22:35:31 - __main__ - INFO - Запуск Flask веб-сервера на порту 5000...
2025-11-24 22:35:31 - __main__ - INFO - ========================================
2025-11-24 22:35:32 - __main__ - INFO - ========================================
2025-11-24 22:35:32 - __main__ - INFO - Ініціалізація веб-додатку...
2025-11-24 22:35:32 - __main__ - INFO - База даних успішно ініціалізована
2025-11-24 22:35:32 - __main__ - INFO - Запуск Flask веб-сервера на порту 5000...
2025-11-24 22:35:32 - __main__ - INFO - ========================================
2025-11-24 22:36:43 - __main__ - INFO - Відвідування головної сторінки. IP: 127.0.0.1
2025-11-24 22:36:46 - __main__ - INFO - Перегляд списку завдань. Користувач: None
2025-11-24 22:36:54 - __main__ - WARNING - Невдала спроба входу: zatserkovnyi.vz
2025-11-24 22:37:03 - __main__ - INFO - Новий користувач зареєстрований: zatserkovnyi.vz
2025-11-24 22:37:08 - __main__ - INFO - Користувач увійшов: zatserkovnyi.vz
2025-11-24 22:37:08 - __main__ - INFO - Перегляд списку завдань. Користувач: zatserkovnyi.vz
2025-11-24 22:37:13 - __main__ - INFO - Додано нове завдання: '123' користувачем zatserkovnyi.vz
2025-11-24 22:37:13 - __main__ - INFO - Перегляд списку завдань. Користувач: zatserkovnyi.vz
2025-11-24 22:37:16 - __main__ - INFO - Оновлено завдання #1 користувачем zatserkovnyi.vz
2025-11-24 22:37:16 - __main__ - INFO - Перегляд списку завдань. Користувач: zatserkovnyi.vz
2025-11-24 22:37:18 - __main__ - INFO - Відвідування головної сторінки. IP: 127.0.0.1
2025-11-24 22:37:30 - __main__ - INFO - Відвідування сторінки 'Про нас'. IP: 127.0.0.1
2025-11-24 22:37:41 - __main__ - INFO - Перегляд списку завдань. Користувач: zatserkovnyi.vz
2025-11-24 22:37:43 - __main__ - INFO - Відвідування головної сторінки. IP: 127.0.0.1
2025-11-24 22:37:51 - __main__ - INFO - Користувач вийшов: zatserkovnyi.vz
2025-11-24 22:37:51 - __main__ - INFO - Відвідування головної сторінки. IP: 127.0.0.1
2025-11-24 22:37:55 - __main__ - INFO - Перегляд списку завдань. Користувач: None
2025-11-24 22:46:29 - __main__ - INFO - ========================================
2025-11-24 22:46:29 - __main__ - INFO - Ініціалізація веб-додатку...
2025-11-24 22:46:29 - __main__ - INFO - База даних успішно ініціалізована
2025-11-24 22:46:29 - __main__ - INFO - Запуск Flask веб-сервера на порту 5000...
2025-11-24 22:46:29 - __main__ - INFO - ========================================
2025-11-24 22:46:29 - __main__ - INFO - ========================================
2025-11-24 22:46:29 - __main__ - INFO - Ініціалізація веб-додатку...
2025-11-24 22:46:29 - __main__ - INFO - База даних успішно ініціалізована
2025-11-24 22:46:29 - __main__ - INFO - Запуск Flask веб-сервера на порту 5000...
2025-11-24 22:46:29 - __main__ - INFO - ========================================
